<?xml version="1.0" encoding="UTF-8"?>
<testsuite xmlns:xsi="http://www.w3.org/2001/XMLSchema-instance" xsi:noNamespaceSchemaLocation="https://maven.apache.org/surefire/maven-surefire-plugin/xsd/surefire-test-report-3.0.xsd" version="3.0" name="RunnerTest.RunnerTest" time="96.277" tests="1" errors="0" skipped="0" failures="0">
  <properties>
[...]
</properties>
  <testcase name="Bot begin testing and starting to input words" classname="Bot for keyboard" time="93.997">
    <system-out><![CDATA[
@MyTest
Scenario: Bot begin testing and starting to input words                     # src/main/resources/Feature/bot.feature:6
  Given Opening the browser "https://10fastfingers.com/typing-test/russian" # stepDefinition.keyboardBot.openingTheBrowser(java.lang.String)
Need to wait 13123 minute...
1:00
1:00
1:00
0:59
0:59
0:59
0:58
0:56
0:56
0:56
0:55
0:55
0:55
0:54
0:54
0:54
0:54
0:53
0:53
0:53
0:52
0:52
0:52
0:51
0:51
0:51
0:50
0:50
0:50
0:50
0:49
0:49
0:49
0:48
0:48
0:48
0:48
0:47
0:47
0:47
0:46
0:46
0:46
0:45
0:45
0:45
0:45
0:44
0:44
0:44
0:43
0:43
0:43
0:42
0:42
0:42
0:42
0:41
0:41
0:41
0:40
0:40
0:40
0:40
0:39
0:39
0:39
0:38
0:38
0:38
0:37
0:37
0:36
0:36
0:36
0:35
0:35
0:35
0:35
0:35
0:34
0:34
0:34
0:34
0:33
0:33
0:32
0:32
0:32
0:32
0:31
0:31
0:31
0:31
0:30
0:30
0:30
0:30
0:29
0:29
0:29
0:28
0:28
0:28
0:28
0:27
0:27
0:27
0:27
0:27
0:26
0:26
0:26
0:26
0:25
0:25
0:25
0:25
0:24
0:24
0:24
0:24
0:23
0:23
0:23
0:23
0:22
0:22
0:22
0:22
0:21
0:21
0:21
0:21
0:20
0:20
0:20
0:20
0:20
0:19
0:19
0:19
0:18
0:18
0:18
0:17
0:17
0:17
0:16
0:16
0:16
0:16
0:16
0:15
0:15
0:15
0:15
0:15
0:14
0:14
0:14
0:14
0:13
0:13
0:13
0:13
0:13
0:13
0:12
0:12
0:12
0:12
0:11
0:11
0:11
0:11
0:11
0:10
0:10
0:10
0:10
0:09
0:09
0:09
0:08
0:08
0:08
0:08
0:07
0:07
0:07
0:07
0:06
0:06
0:06
0:06
0:05
0:05
0:05
0:05
0:04
0:04
0:04
0:04
0:03
0:03
0:03
0:03
0:02
0:02
0:02
0:02
0:01
0:01
0:01
0:01
0:00
  When input the marked letter                                              # stepDefinition.keyboardBot.inputLetter()
Test is done!
Words per minute: 236 WPM
Quantity of correct words: 216
Accuracy: 100%
  Then check the game is done                                               # stepDefinition.keyboardBot.checkTheGameIsDone()
]]></system-out>
    <system-err><![CDATA[SLF4J: Failed to load class "org.slf4j.impl.StaticLoggerBinder".
SLF4J: Defaulting to no-operation (NOP) logger implementation
SLF4J: See http://www.slf4j.org/codes.html#StaticLoggerBinder for further details.
Starting ChromeDriver 108.0.5359.71 (1e0e3868ee06e91ad636a874420e3ca3ae3756ac-refs/branch-heads/5359@{#1016}) on port 19398
Only local connections are allowed.
Please see https://chromedriver.chromium.org/security-considerations for suggestions on keeping ChromeDriver safe.
ChromeDriver was started successfully.
]]></system-err>
  </testcase>
</testsuite>